/*C14*/SET SCHEMA PUBLIC
CONNECT USER SA
/*C15*/SET SCHEMA PUBLIC
CONNECT USER SA
DISCONNECT
/*C16*/SET SCHEMA PUBLIC
CONNECT USER SA
INSERT INTO PRODUTOS VALUES('159753','bala','dori','dorisa','100','20',5.0,10.0,'bala salgada')
DISCONNECT
/*C17*/SET SCHEMA PUBLIC
CONNECT USER SA
DISCONNECT
/*C18*/SET SCHEMA PUBLIC
CONNECT USER SA
INSERT INTO PRODUTOS VALUES('123','Bloco','Concretar','Robinho','20000','500',1.5,3.5,'Bloco de concreto')
DISCONNECT
/*C19*/SET SCHEMA PUBLIC
CONNECT USER SA
SET AUTOCOMMIT FALSE
DELETE FROM PRODUTOS WHERE CODIGO='123' AND NOME='Bloco' AND MARCA='Concretar' AND FORNECEDOR='Robinho' AND QUANTIDADE='20000' AND QTD_CRITICA='500' AND VAL_CUSTO=1.5 AND VAL_UNITARIO=3.5 AND DESCRICAO='Bloco de concreto'
DELETE FROM PRODUTOS WHERE CODIGO='123' AND NOME='ghjkhjkh' AND MARCA='jkhjk' AND FORNECEDOR='hjkhjk' AND QUANTIDADE='10' AND QTD_CRITICA='10' AND VAL_CUSTO=10.0 AND VAL_UNITARIO=10.0 AND DESCRICAO='aabbccdd'
INSERT INTO PRODUTOS VALUES('123','Bloco','Concretar','Robinho','20000','500',1.5,3.5,'Bloco de concreto')
INSERT INTO PRODUTOS VALUES('123','Bloco','Concretar','Robinho','20000','500',1.5,3.5,'Bloco de concreto')
SET AUTOCOMMIT TRUE
DISCONNECT
/*C20*/SET SCHEMA PUBLIC
CONNECT USER SA
DISCONNECT
/*C21*/SET SCHEMA PUBLIC
CONNECT USER SA
INSERT INTO PRODUTOS VALUES('165475','arroz','Ki','Ki','10','10',10.0,10.0,'10101011')
DISCONNECT
/*C22*/SET SCHEMA PUBLIC
CONNECT USER SA
SET AUTOCOMMIT FALSE
DELETE FROM PRODUTOS WHERE CODIGO='165475' AND NOME='arroz' AND MARCA='Ki' AND FORNECEDOR='Ki' AND QUANTIDADE='10' AND QTD_CRITICA='10' AND VAL_CUSTO=10.0 AND VAL_UNITARIO=10.0 AND DESCRICAO='10101011'
INSERT INTO PRODUTOS VALUES('165475','arroz','KiArroz','Ki','10','10',10.0,10.0,'10101011')
SET AUTOCOMMIT TRUE
DISCONNECT
/*C23*/SET SCHEMA PUBLIC
CONNECT USER SA
DELETE FROM PRODUTOS WHERE CODIGO='165475' AND NOME='arroz' AND MARCA='KiArroz' AND FORNECEDOR='Ki' AND QUANTIDADE='10' AND QTD_CRITICA='10' AND VAL_CUSTO=10.0 AND VAL_UNITARIO=10.0 AND DESCRICAO='10101011'
DISCONNECT
/*C24*/SET SCHEMA PUBLIC
CONNECT USER SA
INSERT INTO PRODUTOS VALUES('165475','arroz','KiArroz','Ki','10','10',10.0,10.0,'10101011')
DISCONNECT
/*C25*/SET SCHEMA PUBLIC
CONNECT USER SA
DISCONNECT
/*C26*/SET SCHEMA PUBLIC
CONNECT USER SA
DISCONNECT
/*C27*/SET SCHEMA PUBLIC
CONNECT USER SA
DISCONNECT
/*C28*/SET SCHEMA PUBLIC
CONNECT USER SA
DISCONNECT
/*C29*/SET SCHEMA PUBLIC
CONNECT USER SA
DISCONNECT
/*C30*/SET SCHEMA PUBLIC
CONNECT USER SA
DISCONNECT
/*C31*/SET SCHEMA PUBLIC
CONNECT USER SA
DISCONNECT
/*C32*/SET SCHEMA PUBLIC
CONNECT USER SA
DISCONNECT
/*C33*/SET SCHEMA PUBLIC
CONNECT USER SA
DISCONNECT
/*C34*/SET SCHEMA PUBLIC
CONNECT USER SA
DISCONNECT
/*C35*/SET SCHEMA PUBLIC
CONNECT USER SA
DISCONNECT
/*C36*/SET SCHEMA PUBLIC
CONNECT USER SA
DISCONNECT
/*C37*/SET SCHEMA PUBLIC
CONNECT USER SA
DISCONNECT
/*C38*/SET SCHEMA PUBLIC
CONNECT USER SA
DISCONNECT
/*C39*/SET SCHEMA PUBLIC
CONNECT USER SA
DISCONNECT
/*C40*/SET SCHEMA PUBLIC
CONNECT USER SA
DISCONNECT
/*C41*/SET SCHEMA PUBLIC
CONNECT USER SA
DISCONNECT
/*C42*/SET SCHEMA PUBLIC
CONNECT USER SA
DISCONNECT
/*C43*/SET SCHEMA PUBLIC
CONNECT USER SA
DISCONNECT
/*C44*/SET SCHEMA PUBLIC
CONNECT USER SA
DISCONNECT
/*C45*/SET SCHEMA PUBLIC
CONNECT USER SA
DISCONNECT
/*C46*/SET SCHEMA PUBLIC
CONNECT USER SA
DISCONNECT
/*C47*/SET SCHEMA PUBLIC
CONNECT USER SA
DISCONNECT
/*C48*/SET SCHEMA PUBLIC
CONNECT USER SA
DISCONNECT
/*C49*/SET SCHEMA PUBLIC
CONNECT USER SA
DISCONNECT
/*C50*/SET SCHEMA PUBLIC
CONNECT USER SA
DISCONNECT
/*C51*/SET SCHEMA PUBLIC
CONNECT USER SA
DISCONNECT
/*C52*/SET SCHEMA PUBLIC
CONNECT USER SA
DISCONNECT
/*C53*/SET SCHEMA PUBLIC
CONNECT USER SA
DISCONNECT
/*C54*/SET SCHEMA PUBLIC
CONNECT USER SA
DISCONNECT
/*C55*/SET SCHEMA PUBLIC
CONNECT USER SA
DISCONNECT
/*C56*/SET SCHEMA PUBLIC
CONNECT USER SA
DISCONNECT
/*C57*/SET SCHEMA PUBLIC
CONNECT USER SA
DISCONNECT
/*C58*/SET SCHEMA PUBLIC
CONNECT USER SA
DISCONNECT
/*C59*/SET SCHEMA PUBLIC
CONNECT USER SA
DISCONNECT
/*C60*/SET SCHEMA PUBLIC
CONNECT USER SA
DISCONNECT
/*C61*/SET SCHEMA PUBLIC
CONNECT USER SA
DISCONNECT
/*C62*/SET SCHEMA PUBLIC
CONNECT USER SA
DISCONNECT
/*C63*/SET SCHEMA PUBLIC
CONNECT USER SA
DISCONNECT
/*C64*/SET SCHEMA PUBLIC
CONNECT USER SA
DISCONNECT
/*C65*/SET SCHEMA PUBLIC
CONNECT USER SA
DISCONNECT
/*C66*/SET SCHEMA PUBLIC
CONNECT USER SA
DISCONNECT
/*C67*/SET SCHEMA PUBLIC
CONNECT USER SA
DISCONNECT
/*C68*/SET SCHEMA PUBLIC
CONNECT USER SA
DISCONNECT
/*C69*/SET SCHEMA PUBLIC
CONNECT USER SA
DISCONNECT
/*C70*/SET SCHEMA PUBLIC
CONNECT USER SA
DISCONNECT
/*C71*/SET SCHEMA PUBLIC
CONNECT USER SA
DISCONNECT
/*C72*/SET SCHEMA PUBLIC
CONNECT USER SA
DISCONNECT
/*C73*/SET SCHEMA PUBLIC
CONNECT USER SA
DISCONNECT
/*C74*/SET SCHEMA PUBLIC
CONNECT USER SA
SET AUTOCOMMIT FALSE
DELETE FROM PRODUTOS WHERE CODIGO='165475' AND NOME='arroz' AND MARCA='KiArroz' AND FORNECEDOR='Ki' AND QUANTIDADE='10' AND QTD_CRITICA='10' AND VAL_CUSTO=10.0 AND VAL_UNITARIO=10.0 AND DESCRICAO='10101011'
INSERT INTO PRODUTOS VALUES('165475','Arroz','KiArroz','Ki','10','10',10.0,10.0,'10101011')
SET AUTOCOMMIT TRUE
DISCONNECT
/*C75*/SET SCHEMA PUBLIC
CONNECT USER SA
DISCONNECT
/*C76*/SET SCHEMA PUBLIC
CONNECT USER SA
DISCONNECT
/*C14*/DISCONNECT
/*C77*/SET SCHEMA PUBLIC
CONNECT USER SA
DISCONNECT
/*C78*/SET SCHEMA PUBLIC
CONNECT USER SA
DISCONNECT
/*C79*/SET SCHEMA PUBLIC
CONNECT USER SA
DISCONNECT
/*C80*/SET SCHEMA PUBLIC
CONNECT USER SA
DISCONNECT
/*C81*/SET SCHEMA PUBLIC
CONNECT USER SA
DISCONNECT
/*C82*/SET SCHEMA PUBLIC
CONNECT USER SA
DISCONNECT
/*C83*/SET SCHEMA PUBLIC
CONNECT USER SA
DISCONNECT
/*C84*/SET SCHEMA PUBLIC
CONNECT USER SA
/*C85*/SET SCHEMA PUBLIC
CONNECT USER SA
DISCONNECT
/*C84*/DISCONNECT
/*C86*/SET SCHEMA PUBLIC
CONNECT USER SA
DISCONNECT
/*C87*/SET SCHEMA PUBLIC
CONNECT USER SA
/*C88*/SET SCHEMA PUBLIC
CONNECT USER SA
DISCONNECT
/*C87*/DISCONNECT
/*C89*/SET SCHEMA PUBLIC
CONNECT USER SA
/*C90*/SET SCHEMA PUBLIC
CONNECT USER SA
/*C91*/SET SCHEMA PUBLIC
CONNECT USER SA
DISCONNECT
/*C90*/DISCONNECT
/*C89*/DISCONNECT
/*C92*/SET SCHEMA PUBLIC
CONNECT USER SA
DISCONNECT
/*C93*/SET SCHEMA PUBLIC
CONNECT USER SA
/*C94*/SET SCHEMA PUBLIC
CONNECT USER SA
DISCONNECT
/*C93*/DISCONNECT
/*C95*/SET SCHEMA PUBLIC
CONNECT USER SA
DISCONNECT
/*C96*/SET SCHEMA PUBLIC
CONNECT USER SA
DISCONNECT
/*C97*/SET SCHEMA PUBLIC
CONNECT USER SA
/*C98*/SET SCHEMA PUBLIC
CONNECT USER SA
DISCONNECT
/*C97*/DISCONNECT
/*C99*/SET SCHEMA PUBLIC
CONNECT USER SA
/*C100*/SET SCHEMA PUBLIC
CONNECT USER SA
DISCONNECT
/*C99*/DISCONNECT
/*C101*/SET SCHEMA PUBLIC
CONNECT USER SA
DISCONNECT
/*C102*/SET SCHEMA PUBLIC
CONNECT USER SA
DISCONNECT
/*C103*/SET SCHEMA PUBLIC
CONNECT USER SA
DISCONNECT
/*C104*/SET SCHEMA PUBLIC
CONNECT USER SA
/*C105*/SET SCHEMA PUBLIC
CONNECT USER SA
DISCONNECT
/*C104*/DISCONNECT
/*C106*/SET SCHEMA PUBLIC
CONNECT USER SA
/*C107*/SET SCHEMA PUBLIC
CONNECT USER SA
DISCONNECT
/*C106*/DISCONNECT
/*C108*/SET SCHEMA PUBLIC
CONNECT USER SA
/*C109*/SET SCHEMA PUBLIC
CONNECT USER SA
DISCONNECT
/*C108*/DISCONNECT
/*C110*/SET SCHEMA PUBLIC
CONNECT USER SA
/*C111*/SET SCHEMA PUBLIC
CONNECT USER SA
DISCONNECT
/*C110*/DISCONNECT
